#
# A fatal error has been detected by the Java Runtime Environment:
#
#  Internal Error (javaClasses.cpp:129), pid=13944, tid=3060771648
#  fatal error: Invalid layout of preloaded class
#
# JRE version: 7.0_25-b30
# Java VM: OpenJDK Server VM (23.7-b01 mixed mode linux-x86 )
# Failed to write core dump. Core dumps have been disabled. To enable core dumping, try "ulimit -c unlimited" before starting Java again
#
# If you would like to submit a bug report, please include
# instructions on how to reproduce the bug and visit:
#   https://bugs.launchpad.net/ubuntu/+source/openjdk-7/
#

---------------  T H R E A D  ---------------

Current thread (0xb6506c00):  JavaThread "Unknown thread" [_thread_in_vm, id=13949, stack(0xb66aa000,0xb66fb000)]

Stack: [0xb66aa000,0xb66fb000]
[error occurred during error reporting (printing stack bounds), id 0xb]


[error occurred during error reporting (printing native stack), id 0xb]


---------------  P R O C E S S  ---------------

Java Threads: ( => current thread )

Other Threads:

=>0xb6506c00 (exited) JavaThread "Unknown thread" [_thread_in_vm, id=13949, stack(0xb66aa000,0xb66fb000)]

VM state:not at safepoint (not fully initialized)

VM Mutex/Monitor currently owned by a thread: None

GC Heap History (0 events):
No events

Deoptimization events (0 events):
No events

Internal exceptions (0 events):
No events

Events (10 events):
Event: 0.010 loading class 0xb65348d0 done
Event: 0.011 loading class 0xb6534210 done
Event: 0.011 loading class 0xb65341e8
Event: 0.011 loading class 0xb6553e00
Event: 0.011 loading class 0xb6553e00 done
Event: 0.011 loading class 0xb6553e38
Event: 0.011 loading class 0xb6553e38 done
Event: 0.011 loading class 0xb6553e70
Event: 0.011 loading class 0xb6553e70 done
Event: 0.011 loading class 0xb65341e8 done


Dynamic libraries:
08048000-08049000 r-xp 00000000 08:06 408765     /usr/lib/jvm/java-7-openjdk-i386/jre/bin/java
08049000-0804a000 r--p 00000000 08:06 408765     /usr/lib/jvm/java-7-openjdk-i386/jre/bin/java
0804a000-0804b000 rw-p 00001000 08:06 408765     /usr/lib/jvm/java-7-openjdk-i386/jre/bin/java
08c51000-08c72000 rw-p 00000000 00:00 0          [heap]
6ad0f000-6adcd000 r--s 00fac000 08:06 141494     /home/santosh/android-sdks/platforms/android-15/android.jar
6adcd000-6db00000 rw-p 00000000 00:00 0 
6db00000-6db21000 rw-p 00000000 00:00 0 
6db21000-6dc00000 ---p 00000000 00:00 0 
6dc7f000-6dc80000 ---p 00000000 00:00 0 
6dc80000-6dd00000 rw-p 00000000 00:00 0          [stack:13953]
6dd00000-6dd21000 rw-p 00000000 00:00 0 
6dd21000-6de00000 ---p 00000000 00:00 0 
6de7f000-6de80000 ---p 00000000 00:00 0 
6de80000-6df00000 rw-p 00000000 00:00 0          [stack:13952]
6df00000-6df21000 rw-p 00000000 00:00 0 
6df21000-6e000000 ---p 00000000 00:00 0 
6e07f000-6e080000 ---p 00000000 00:00 0 
6e080000-6e100000 rw-p 00000000 00:00 0          [stack:13951]
6e100000-6e121000 rw-p 00000000 00:00 0 
6e121000-6e200000 ---p 00000000 00:00 0 
6e212000-6e213000 ---p 00000000 00:00 0 
6e213000-6e29b000 rw-p 00000000 00:00 0          [stack:13950]
6e29b000-6e2d3000 rw-p 00000000 00:00 0 
6e2d3000-6e2e8000 rw-p 00000000 00:00 0 
6e2e8000-6e418000 rw-p 00000000 00:00 0 
6e418000-6e420000 rw-p 00000000 00:00 0 
6e420000-6e458000 rw-p 00000000 00:00 0 
6e458000-6e46d000 rw-p 00000000 00:00 0 
6e46d000-6e59c000 rw-p 00000000 00:00 0 
6e59c000-6e5a7000 rw-p 00000000 00:00 0 
6e5a7000-6e63f000 rw-p 00000000 00:00 0 
6e63f000-6f640000 rw-p 00000000 00:00 0 
6f640000-76640000 rw-p 00000000 00:00 0 
76640000-78ee0000 rw-p 00000000 00:00 0 
78ee0000-9efa0000 rw-p 00000000 00:00 0 
9efa0000-a03e0000 rw-p 00000000 00:00 0 
a03e0000-b3440000 rw-p 00000000 00:00 0 
b3440000-b3449000 rw-p 00000000 00:00 0 
b3449000-b3500000 rw-p 00000000 00:00 0 
b3500000-b3740000 rwxp 00000000 00:00 0 
b3740000-b655e000 rw-p 00000000 00:00 0 
b655e000-b6600000 ---p 00000000 00:00 0 
b6609000-b662b000 rw-p 00000000 00:00 0 
b662b000-b6636000 r-xp 00000000 08:06 1314485    /lib/i386-linux-gnu/libnss_files-2.17.so
b6636000-b6637000 r--p 0000a000 08:06 1314485    /lib/i386-linux-gnu/libnss_files-2.17.so
b6637000-b6638000 rw-p 0000b000 08:06 1314485    /lib/i386-linux-gnu/libnss_files-2.17.so
b6638000-b6642000 r-xp 00000000 08:06 1317653    /lib/i386-linux-gnu/libnss_nis-2.17.so
b6642000-b6643000 r--p 00009000 08:06 1317653    /lib/i386-linux-gnu/libnss_nis-2.17.so
b6643000-b6644000 rw-p 0000a000 08:06 1317653    /lib/i386-linux-gnu/libnss_nis-2.17.so
b6644000-b6659000 r-xp 00000000 08:06 1313772    /lib/i386-linux-gnu/libnsl-2.17.so
b6659000-b665a000 r--p 00014000 08:06 1313772    /lib/i386-linux-gnu/libnsl-2.17.so
b665a000-b665b000 rw-p 00015000 08:06 1313772    /lib/i386-linux-gnu/libnsl-2.17.so
b665b000-b665d000 rw-p 00000000 00:00 0 
b6666000-b666e000 r-xp 00000000 08:06 408807     /usr/lib/jvm/java-7-openjdk-i386/jre/lib/i386/libzip.so
b666e000-b666f000 r--p 00007000 08:06 408807     /usr/lib/jvm/java-7-openjdk-i386/jre/lib/i386/libzip.so
b666f000-b6670000 rw-p 00008000 08:06 408807     /usr/lib/jvm/java-7-openjdk-i386/jre/lib/i386/libzip.so
b6670000-b6678000 rw-s 00000000 08:06 821364     /tmp/hsperfdata_santosh/13944
b6678000-b669f000 r-xp 00000000 08:06 408833     /usr/lib/jvm/java-7-openjdk-i386/jre/lib/i386/libjava.so
b669f000-b66a0000 r--p 00026000 08:06 408833     /usr/lib/jvm/java-7-openjdk-i386/jre/lib/i386/libjava.so
b66a0000-b66a1000 rw-p 00027000 08:06 408833     /usr/lib/jvm/java-7-openjdk-i386/jre/lib/i386/libjava.so
b66a1000-b66a8000 r-xp 00000000 08:06 1317652    /lib/i386-linux-gnu/librt-2.17.so
b66a8000-b66a9000 r--p 00006000 08:06 1317652    /lib/i386-linux-gnu/librt-2.17.so
b66a9000-b66aa000 rw-p 00007000 08:06 1317652    /lib/i386-linux-gnu/librt-2.17.so
b66aa000-b66ad000 ---p 00000000 00:00 0 
b66ad000-b66fb000 rw-p 00000000 00:00 0          [stack:13949]
b66fb000-b6716000 r-xp 00000000 08:06 1309022    /lib/i386-linux-gnu/libgcc_s.so.1
b6716000-b6717000 r--p 0001a000 08:06 1309022    /lib/i386-linux-gnu/libgcc_s.so.1
b6717000-b6718000 rw-p 0001b000 08:06 1309022    /lib/i386-linux-gnu/libgcc_s.so.1
b6718000-b6759000 r-xp 00000000 08:06 1317645    /lib/i386-linux-gnu/libm-2.17.so
b6759000-b675a000 r--p 00040000 08:06 1317645    /lib/i386-linux-gnu/libm-2.17.so
b675a000-b675b000 rw-p 00041000 08:06 1317645    /lib/i386-linux-gnu/libm-2.17.so
b675b000-b6837000 r-xp 00000000 08:06 269892     /usr/lib/i386-linux-gnu/libstdc++.so.6.0.17
b6837000-b6838000 ---p 000dc000 08:06 269892     /usr/lib/i386-linux-gnu/libstdc++.so.6.0.17
b6838000-b683c000 r--p 000dc000 08:06 269892     /usr/lib/i386-linux-gnu/libstdc++.so.6.0.17
b683c000-b683d000 rw-p 000e0000 08:06 269892     /usr/lib/i386-linux-gnu/libstdc++.so.6.0.17
b683d000-b6844000 rw-p 00000000 00:00 0 
b6844000-b7135000 r-xp 00000000 08:06 408810     /usr/lib/jvm/java-7-openjdk-i386/jre/lib/i386/server/libjvm.so
b7135000-b717c000 r--p 008f1000 08:06 408810     /usr/lib/jvm/java-7-openjdk-i386/jre/lib/i386/server/libjvm.so
b717c000-b7190000 rw-p 00938000 08:06 408810     /usr/lib/jvm/java-7-openjdk-i386/jre/lib/i386/server/libjvm.so
b7190000-b75ae000 rw-p 00000000 00:00 0 
b75ae000-b75c5000 r-xp 00000000 08:06 1309150    /lib/i386-linux-gnu/libz.so.1.2.7
b75c5000-b75c6000 r--p 00016000 08:06 1309150    /lib/i386-linux-gnu/libz.so.1.2.7
b75c6000-b75c7000 rw-p 00017000 08:06 1309150    /lib/i386-linux-gnu/libz.so.1.2.7
b75c7000-b75de000 r-xp 00000000 08:06 1317508    /lib/i386-linux-gnu/libpthread-2.17.so
b75de000-b75df000 r--p 00016000 08:06 1317508    /lib/i386-linux-gnu/libpthread-2.17.so
b75df000-b75e0000 rw-p 00017000 08:06 1317508    /lib/i386-linux-gnu/libpthread-2.17.so
b75e0000-b75e2000 rw-p 00000000 00:00 0 
b75e2000-b75e5000 r-xp 00000000 08:06 1317708    /lib/i386-linux-gnu/libdl-2.17.so
b75e5000-b75e6000 r--p 00002000 08:06 1317708    /lib/i386-linux-gnu/libdl-2.17.so
b75e6000-b75e7000 rw-p 00003000 08:06 1317708    /lib/i386-linux-gnu/libdl-2.17.so
b75e7000-b7795000 r-xp 00000000 08:06 1317646    /lib/i386-linux-gnu/libc-2.17.so
b7795000-b7797000 r--p 001ae000 08:06 1317646    /lib/i386-linux-gnu/libc-2.17.so
b7797000-b7798000 rw-p 001b0000 08:06 1317646    /lib/i386-linux-gnu/libc-2.17.so
b7798000-b779b000 rw-p 00000000 00:00 0 
b779c000-b77a3000 r-xp 00000000 08:06 1316802    /lib/i386-linux-gnu/libnss_compat-2.17.so
b77a3000-b77a4000 r--p 00006000 08:06 1316802    /lib/i386-linux-gnu/libnss_compat-2.17.so
b77a4000-b77a5000 rw-p 00007000 08:06 1316802    /lib/i386-linux-gnu/libnss_compat-2.17.so
b77a5000-b77a6000 rw-p 00000000 00:00 0 
b77a6000-b77a7000 r--p 00000000 00:00 0 
b77a7000-b77b4000 r-xp 00000000 08:06 408817     /usr/lib/jvm/java-7-openjdk-i386/jre/lib/i386/libverify.so
b77b4000-b77b5000 r--p 0000d000 08:06 408817     /usr/lib/jvm/java-7-openjdk-i386/jre/lib/i386/libverify.so
b77b5000-b77b6000 rw-p 0000e000 08:06 408817     /usr/lib/jvm/java-7-openjdk-i386/jre/lib/i386/libverify.so
b77b6000-b77c3000 r-xp 00000000 08:06 408827     /usr/lib/jvm/java-7-openjdk-i386/jre/lib/i386/jli/libjli.so
b77c3000-b77c4000 r--p 0000c000 08:06 408827     /usr/lib/jvm/java-7-openjdk-i386/jre/lib/i386/jli/libjli.so
b77c4000-b77c5000 rw-p 0000d000 08:06 408827     /usr/lib/jvm/java-7-openjdk-i386/jre/lib/i386/jli/libjli.so
b77c5000-b77c8000 rw-p 00000000 00:00 0 
b77c8000-b77c9000 r-xp 00000000 00:00 0          [vdso]
b77c9000-b77e9000 r-xp 00000000 08:06 1317649    /lib/i386-linux-gnu/ld-2.17.so
b77e9000-b77ea000 r--p 0001f000 08:06 1317649    /lib/i386-linux-gnu/ld-2.17.so
b77ea000-b77eb000 rw-p 00020000 08:06 1317649    /lib/i386-linux-gnu/ld-2.17.so
bfd88000-bfda9000 rw-p 00000000 00:00 0          [stack]

VM Arguments:
jvm_args: -Dfile.encoding=UTF-8 -Xbootclasspath:/home/santosh/android-sdks/platforms/android-15/android.jar 
java_command: com.example.barcodescanningapp.test
Launcher Type: SUN_STANDARD

Environment Variables:
PATH=/usr/lib/lightdm/lightdm:/usr/local/sbin:/usr/local/bin:/usr/sbin:/usr/bin:/sbin:/bin:/usr/games:/usr/local/games
LD_LIBRARY_PATH=/usr/lib/jvm/java-7-openjdk-i386/jre/lib/i386/server:/usr/lib/jvm/java-7-openjdk-i386/jre/lib/i386:/usr/lib/jvm/java-7-openjdk-i386/jre/../lib/i386:/usr/lib/jvm/java-7-openjdk-i386/jre/lib/i386/client:/usr/lib/jvm/java-7-openjdk-i386/jre/lib/i386:
SHELL=/bin/bash
DISPLAY=:0.0

Signal Handlers:
SIGSEGV: [libjvm.so+0x758d30], sa_mask[0]=0x7ffbfeff, sa_flags=0x10000004
SIGBUS: [libjvm.so+0x758d30], sa_mask[0]=0x7ffbfeff, sa_flags=0x10000004
SIGFPE: [libjvm.so+0x5f4230], sa_mask[0]=0x7ffbfeff, sa_flags=0x10000004
SIGPIPE: [libjvm.so+0x5f4230], sa_mask[0]=0x7ffbfeff, sa_flags=0x10000004
SIGXFSZ: [libjvm.so+0x5f4230], sa_mask[0]=0x7ffbfeff, sa_flags=0x10000004
SIGILL: [libjvm.so+0x5f4230], sa_mask[0]=0x7ffbfeff, sa_flags=0x10000004
SIGUSR1: SIG_DFL, sa_mask[0]=0x00000000, sa_flags=0x00000000
SIGUSR2: [libjvm.so+0x5f40e0], sa_mask[0]=0x00000004, sa_flags=0x10000004
SIGHUP: SIG_DFL, sa_mask[0]=0x00000000, sa_flags=0x00000000
SIGINT: SIG_DFL, sa_mask[0]=0x00000000, sa_flags=0x00000000
SIGTERM: SIG_DFL, sa_mask[0]=0x00000000, sa_flags=0x00000000
SIGQUIT: SIG_DFL, sa_mask[0]=0x00000000, sa_flags=0x00000000


---------------  S Y S T E M  ---------------

OS:Ubuntu 13.04 (raring)
uname:Linux 3.8.0-33-generic #48-Ubuntu SMP Wed Oct 23 17:26:34 UTC 2013 i686
libc:glibc 2.17 NPTL 2.17 
rlimit: STACK 8192k, CORE 0k, NPROC 31031, NOFILE 4096, AS infinity
load average:0.24 0.21 0.20

/proc/meminfo:
MemTotal:        3988520 kB
MemFree:          360580 kB
Buffers:           71704 kB
Cached:           484372 kB
SwapCached:            0 kB
Active:          2987456 kB
Inactive:         282204 kB
Active(anon):    2716024 kB
Inactive(anon):    33348 kB
Active(file):     271432 kB
Inactive(file):   248856 kB
Unevictable:         100 kB
Mlocked:             100 kB
HighTotal:       3131896 kB
HighFree:          97588 kB
LowTotal:         856624 kB
LowFree:          262992 kB
SwapTotal:             0 kB
SwapFree:              0 kB
Dirty:                76 kB
Writeback:             0 kB
AnonPages:       2713760 kB
Mapped:           394900 kB
Shmem:             35788 kB
Slab:              54648 kB
SReclaimable:      31260 kB
SUnreclaim:        23388 kB
KernelStack:        5088 kB
PageTables:        23800 kB
NFS_Unstable:          0 kB
Bounce:                0 kB
WritebackTmp:          0 kB
CommitLimit:     1994260 kB
Committed_AS:    7814472 kB
VmallocTotal:     122880 kB
VmallocUsed:       35096 kB
VmallocChunk:      82484 kB
HardwareCorrupted:     0 kB
AnonHugePages:         0 kB
HugePages_Total:       0
HugePages_Free:        0
HugePages_Rsvd:        0
HugePages_Surp:        0
Hugepagesize:       2048 kB
DirectMap4k:        8184 kB
DirectMap2M:      905216 kB


CPU:total 4 (2 cores per cpu, 2 threads per core) family 6 model 37 stepping 5, cmov, cx8, fxsr, mmx, sse, sse2, sse3, ssse3, sse4.1, sse4.2, popcnt, ht, tsc, tscinvbit

/proc/cpuinfo:
processor	: 0
vendor_id	: GenuineIntel
cpu family	: 6
model		: 37
model name	: Intel(R) Core(TM) i3 CPU       M 370  @ 2.40GHz
stepping	: 5
microcode	: 0x2
cpu MHz		: 2399.000
cache size	: 3072 KB
physical id	: 0
siblings	: 4
core id		: 0
cpu cores	: 2
apicid		: 0
initial apicid	: 0
fdiv_bug	: no
hlt_bug		: no
f00f_bug	: no
coma_bug	: no
fpu		: yes
fpu_exception	: yes
cpuid level	: 11
wp		: yes
flags		: fpu vme de pse tsc msr pae mce cx8 apic sep mtrr pge mca cmov pat pse36 clflush dts acpi mmx fxsr sse sse2 ss ht tm pbe nx rdtscp lm constant_tsc arch_perfmon pebs bts xtopology nonstop_tsc aperfmperf pni dtes64 monitor ds_cpl vmx est tm2 ssse3 cx16 xtpr pdcm pcid sse4_1 sse4_2 popcnt lahf_lm arat dtherm tpr_shadow vnmi flexpriority ept vpid
bogomips	: 4787.86
clflush size	: 64
cache_alignment	: 64
address sizes	: 36 bits physical, 48 bits virtual
power management:

processor	: 1
vendor_id	: GenuineIntel
cpu family	: 6
model		: 37
model name	: Intel(R) Core(TM) i3 CPU       M 370  @ 2.40GHz
stepping	: 5
microcode	: 0x2
cpu MHz		: 1466.000
cache size	: 3072 KB
physical id	: 0
siblings	: 4
core id		: 2
cpu cores	: 2
apicid		: 4
initial apicid	: 4
fdiv_bug	: no
hlt_bug		: no
f00f_bug	: no
coma_bug	: no
fpu		: yes
fpu_exception	: yes
cpuid level	: 11
wp		: yes
flags		: fpu vme de pse tsc msr pae mce cx8 apic sep mtrr pge mca cmov pat pse36 clflush dts acpi mmx fxsr sse sse2 ss ht tm pbe nx rdtscp lm constant_tsc arch_perfmon pebs bts xtopology nonstop_tsc aperfmperf pni dtes64 monitor ds_cpl vmx est tm2 ssse3 cx16 xtpr pdcm pcid sse4_1 sse4_2 popcnt lahf_lm arat dtherm tpr_shadow vnmi flexpriority ept vpid
bogomips	: 4787.86
clflush size	: 64
cache_alignment	: 64
address sizes	: 36 bits physical, 48 bits virtual
power management:

processor	: 2
vendor_id	: GenuineIntel
cpu family	: 6
model		: 37
model name	: Intel(R) Core(TM) i3 CPU       M 370  @ 2.40GHz
stepping	: 5
microcode	: 0x2
cpu MHz		: 1333.000
cache size	: 3072 KB
physical id	: 0
siblings	: 4
core id		: 0
cpu cores	: 2
apicid		: 1
initial apicid	: 1
fdiv_bug	: no
hlt_bug		: no
f00f_bug	: no
coma_bug	: no
fpu		: yes
fpu_exception	: yes
cpuid level	: 11
wp		: yes
flags		: fpu vme de pse tsc msr pae mce cx8 apic sep mtrr pge mca cmov pat pse36 clflush dts acpi mmx fxsr sse sse2 ss ht tm pbe nx rdtscp lm constant_tsc arch_perfmon pebs bts xtopology nonstop_tsc aperfmperf pni dtes64 monitor ds_cpl vmx est tm2 ssse3 cx16 xtpr pdcm pcid sse4_1 sse4_2 popcnt lahf_lm arat dtherm tpr_shadow vnmi flexpriority ept vpid
bogomips	: 4787.86
clflush size	: 64
cache_alignment	: 64
address sizes	: 36 bits physical, 48 bits virtual
power management:

processor	: 3
vendor_id	: GenuineIntel
cpu family	: 6
model		: 37
model name	: Intel(R) Core(TM) i3 CPU       M 370  @ 2.40GHz
stepping	: 5
microcode	: 0x2
cpu MHz		: 2399.000
cache size	: 3072 KB
physical id	: 0
siblings	: 4
core id		: 2
cpu cores	: 2
apicid		: 5
initial apicid	: 5
fdiv_bug	: no
hlt_bug		: no
f00f_bug	: no
coma_bug	: no
fpu		: yes
fpu_exception	: yes
cpuid level	: 11
wp		: yes
flags		: fpu vme de pse tsc msr pae mce cx8 apic sep mtrr pge mca cmov pat pse36 clflush dts acpi mmx fxsr sse sse2 ss ht tm pbe nx rdtscp lm constant_tsc arch_perfmon pebs bts xtopology nonstop_tsc aperfmperf pni dtes64 monitor ds_cpl vmx est tm2 ssse3 cx16 xtpr pdcm pcid sse4_1 sse4_2 popcnt lahf_lm arat dtherm tpr_shadow vnmi flexpriority ept vpid
bogomips	: 4787.86
clflush size	: 64
cache_alignment	: 64
address sizes	: 36 bits physical, 48 bits virtual
power management:



Memory: 4k page, physical 3988520k(360580k free), swap 0k(0k free)

vm_info: OpenJDK Server VM (23.7-b01) for linux-x86 JRE (1.7.0_25-b30), built on Jul  3 2013 13:58:32 by "buildd" with gcc 4.7.3

time: Wed Nov  6 01:01:56 2013
elapsed time: 0 seconds

