#
# A fatal error has been detected by the Java Runtime Environment:
#
#  Internal Error (javaClasses.cpp:129), pid=3989, tid=3060214592
#  fatal error: Invalid layout of preloaded class
#
# JRE version: 7.0_25-b30
# Java VM: OpenJDK Server VM (23.7-b01 mixed mode linux-x86 )
# Failed to write core dump. Core dumps have been disabled. To enable core dumping, try "ulimit -c unlimited" before starting Java again
#
# If you would like to submit a bug report, please include
# instructions on how to reproduce the bug and visit:
#   https://bugs.launchpad.net/ubuntu/+source/openjdk-7/
#

---------------  T H R E A D  ---------------

Current thread (0xb6506c00):  JavaThread "Unknown thread" [_thread_in_vm, id=3994, stack(0xb6622000,0xb6673000)]

Stack: [0xb6622000,0xb6673000]
[error occurred during error reporting (printing stack bounds), id 0xb]


[error occurred during error reporting (printing native stack), id 0xb]


---------------  P R O C E S S  ---------------

Java Threads: ( => current thread )

Other Threads:

=>0xb6506c00 (exited) JavaThread "Unknown thread" [_thread_in_vm, id=3994, stack(0xb6622000,0xb6673000)]

VM state:not at safepoint (not fully initialized)

VM Mutex/Monitor currently owned by a thread: None

GC Heap History (0 events):
No events

Deoptimization events (0 events):
No events

Internal exceptions (0 events):
No events

Events (10 events):
Event: 0.009 loading class 0xb65348d0 done
Event: 0.009 loading class 0xb6534210 done
Event: 0.009 loading class 0xb65341e8
Event: 0.009 loading class 0xb6553e00
Event: 0.009 loading class 0xb6553e00 done
Event: 0.009 loading class 0xb6553e38
Event: 0.009 loading class 0xb6553e38 done
Event: 0.009 loading class 0xb6553e70
Event: 0.010 loading class 0xb6553e70 done
Event: 0.010 loading class 0xb65341e8 done


Dynamic libraries:
08048000-08049000 r-xp 00000000 08:06 408765     /usr/lib/jvm/java-7-openjdk-i386/jre/bin/java
08049000-0804a000 r--p 00000000 08:06 408765     /usr/lib/jvm/java-7-openjdk-i386/jre/bin/java
0804a000-0804b000 rw-p 00001000 08:06 408765     /usr/lib/jvm/java-7-openjdk-i386/jre/bin/java
09524000-09545000 rw-p 00000000 00:00 0          [heap]
6ad0f000-6adcd000 r--s 00fac000 08:06 141494     /home/santosh/android-sdks/platforms/android-15/android.jar
6adcd000-6db00000 rw-p 00000000 00:00 0 
6db00000-6db21000 rw-p 00000000 00:00 0 
6db21000-6dc00000 ---p 00000000 00:00 0 
6dc7f000-6dc80000 ---p 00000000 00:00 0 
6dc80000-6dd00000 rw-p 00000000 00:00 0          [stack:3998]
6dd00000-6dd21000 rw-p 00000000 00:00 0 
6dd21000-6de00000 ---p 00000000 00:00 0 
6de00000-6de21000 rw-p 00000000 00:00 0 
6de21000-6df00000 ---p 00000000 00:00 0 
6df7f000-6df80000 ---p 00000000 00:00 0 
6df80000-6e000000 rw-p 00000000 00:00 0          [stack:3997]
6e000000-6e021000 rw-p 00000000 00:00 0 
6e021000-6e100000 ---p 00000000 00:00 0 
6e10f000-6e131000 rw-p 00000000 00:00 0 
6e131000-6e132000 ---p 00000000 00:00 0 
6e132000-6e1b2000 rw-p 00000000 00:00 0          [stack:3996]
6e1b2000-6e1b3000 ---p 00000000 00:00 0 
6e1b3000-6e23b000 rw-p 00000000 00:00 0          [stack:3995]
6e23b000-6e273000 rw-p 00000000 00:00 0 
6e273000-6e288000 rw-p 00000000 00:00 0 
6e288000-6e3b8000 rw-p 00000000 00:00 0 
6e3b8000-6e3c0000 rw-p 00000000 00:00 0 
6e3c0000-6e3f8000 rw-p 00000000 00:00 0 
6e3f8000-6e40d000 rw-p 00000000 00:00 0 
6e40d000-6e53c000 rw-p 00000000 00:00 0 
6e53c000-6e547000 rw-p 00000000 00:00 0 
6e547000-6e5df000 rw-p 00000000 00:00 0 
6e5df000-6f5e0000 rw-p 00000000 00:00 0 
6f5e0000-765e0000 rw-p 00000000 00:00 0 
765e0000-78e80000 rw-p 00000000 00:00 0 
78e80000-9ef40000 rw-p 00000000 00:00 0 
9ef40000-a0380000 rw-p 00000000 00:00 0 
a0380000-b33e0000 rw-p 00000000 00:00 0 
b33e3000-b33ec000 rw-p 00000000 00:00 0 
b33ec000-b34a3000 rw-p 00000000 00:00 0 
b34a3000-b36e3000 rwxp 00000000 00:00 0 
b36e3000-b64a3000 rw-p 00000000 00:00 0 
b64a3000-b64ae000 r-xp 00000000 08:06 1314485    /lib/i386-linux-gnu/libnss_files-2.17.so
b64ae000-b64af000 r--p 0000a000 08:06 1314485    /lib/i386-linux-gnu/libnss_files-2.17.so
b64af000-b64b0000 rw-p 0000b000 08:06 1314485    /lib/i386-linux-gnu/libnss_files-2.17.so
b64b0000-b64ba000 r-xp 00000000 08:06 1317653    /lib/i386-linux-gnu/libnss_nis-2.17.so
b64ba000-b64bb000 r--p 00009000 08:06 1317653    /lib/i386-linux-gnu/libnss_nis-2.17.so
b64bb000-b64bc000 rw-p 0000a000 08:06 1317653    /lib/i386-linux-gnu/libnss_nis-2.17.so
b64c5000-b64cd000 r-xp 00000000 08:06 408807     /usr/lib/jvm/java-7-openjdk-i386/jre/lib/i386/libzip.so
b64cd000-b64ce000 r--p 00007000 08:06 408807     /usr/lib/jvm/java-7-openjdk-i386/jre/lib/i386/libzip.so
b64ce000-b64cf000 rw-p 00008000 08:06 408807     /usr/lib/jvm/java-7-openjdk-i386/jre/lib/i386/libzip.so
b64cf000-b64d7000 rw-s 00000000 08:06 785738     /tmp/hsperfdata_santosh/3989
b64d7000-b64fe000 r-xp 00000000 08:06 408833     /usr/lib/jvm/java-7-openjdk-i386/jre/lib/i386/libjava.so
b64fe000-b64ff000 r--p 00026000 08:06 408833     /usr/lib/jvm/java-7-openjdk-i386/jre/lib/i386/libjava.so
b64ff000-b6500000 rw-p 00027000 08:06 408833     /usr/lib/jvm/java-7-openjdk-i386/jre/lib/i386/libjava.so
b6500000-b655e000 rw-p 00000000 00:00 0 
b655e000-b6600000 ---p 00000000 00:00 0 
b6600000-b6615000 r-xp 00000000 08:06 1313772    /lib/i386-linux-gnu/libnsl-2.17.so
b6615000-b6616000 r--p 00014000 08:06 1313772    /lib/i386-linux-gnu/libnsl-2.17.so
b6616000-b6617000 rw-p 00015000 08:06 1313772    /lib/i386-linux-gnu/libnsl-2.17.so
b6617000-b6619000 rw-p 00000000 00:00 0 
b6619000-b6620000 r-xp 00000000 08:06 1317652    /lib/i386-linux-gnu/librt-2.17.so
b6620000-b6621000 r--p 00006000 08:06 1317652    /lib/i386-linux-gnu/librt-2.17.so
b6621000-b6622000 rw-p 00007000 08:06 1317652    /lib/i386-linux-gnu/librt-2.17.so
b6622000-b6625000 ---p 00000000 00:00 0 
b6625000-b6673000 rw-p 00000000 00:00 0          [stack:3994]
b6673000-b668e000 r-xp 00000000 08:06 1309022    /lib/i386-linux-gnu/libgcc_s.so.1
b668e000-b668f000 r--p 0001a000 08:06 1309022    /lib/i386-linux-gnu/libgcc_s.so.1
b668f000-b6690000 rw-p 0001b000 08:06 1309022    /lib/i386-linux-gnu/libgcc_s.so.1
b6690000-b66d1000 r-xp 00000000 08:06 1317645    /lib/i386-linux-gnu/libm-2.17.so
b66d1000-b66d2000 r--p 00040000 08:06 1317645    /lib/i386-linux-gnu/libm-2.17.so
b66d2000-b66d3000 rw-p 00041000 08:06 1317645    /lib/i386-linux-gnu/libm-2.17.so
b66d3000-b67af000 r-xp 00000000 08:06 269892     /usr/lib/i386-linux-gnu/libstdc++.so.6.0.17
b67af000-b67b0000 ---p 000dc000 08:06 269892     /usr/lib/i386-linux-gnu/libstdc++.so.6.0.17
b67b0000-b67b4000 r--p 000dc000 08:06 269892     /usr/lib/i386-linux-gnu/libstdc++.so.6.0.17
b67b4000-b67b5000 rw-p 000e0000 08:06 269892     /usr/lib/i386-linux-gnu/libstdc++.so.6.0.17
b67b5000-b67bc000 rw-p 00000000 00:00 0 
b67bc000-b70ad000 r-xp 00000000 08:06 408810     /usr/lib/jvm/java-7-openjdk-i386/jre/lib/i386/server/libjvm.so
b70ad000-b70f4000 r--p 008f1000 08:06 408810     /usr/lib/jvm/java-7-openjdk-i386/jre/lib/i386/server/libjvm.so
b70f4000-b7108000 rw-p 00938000 08:06 408810     /usr/lib/jvm/java-7-openjdk-i386/jre/lib/i386/server/libjvm.so
b7108000-b7526000 rw-p 00000000 00:00 0 
b7526000-b753d000 r-xp 00000000 08:06 1309150    /lib/i386-linux-gnu/libz.so.1.2.7
b753d000-b753e000 r--p 00016000 08:06 1309150    /lib/i386-linux-gnu/libz.so.1.2.7
b753e000-b753f000 rw-p 00017000 08:06 1309150    /lib/i386-linux-gnu/libz.so.1.2.7
b753f000-b7556000 r-xp 00000000 08:06 1317508    /lib/i386-linux-gnu/libpthread-2.17.so
b7556000-b7557000 r--p 00016000 08:06 1317508    /lib/i386-linux-gnu/libpthread-2.17.so
b7557000-b7558000 rw-p 00017000 08:06 1317508    /lib/i386-linux-gnu/libpthread-2.17.so
b7558000-b755a000 rw-p 00000000 00:00 0 
b755a000-b755d000 r-xp 00000000 08:06 1317708    /lib/i386-linux-gnu/libdl-2.17.so
b755d000-b755e000 r--p 00002000 08:06 1317708    /lib/i386-linux-gnu/libdl-2.17.so
b755e000-b755f000 rw-p 00003000 08:06 1317708    /lib/i386-linux-gnu/libdl-2.17.so
b755f000-b770d000 r-xp 00000000 08:06 1317646    /lib/i386-linux-gnu/libc-2.17.so
b770d000-b770f000 r--p 001ae000 08:06 1317646    /lib/i386-linux-gnu/libc-2.17.so
b770f000-b7710000 rw-p 001b0000 08:06 1317646    /lib/i386-linux-gnu/libc-2.17.so
b7710000-b7713000 rw-p 00000000 00:00 0 
b7714000-b771b000 r-xp 00000000 08:06 1316802    /lib/i386-linux-gnu/libnss_compat-2.17.so
b771b000-b771c000 r--p 00006000 08:06 1316802    /lib/i386-linux-gnu/libnss_compat-2.17.so
b771c000-b771d000 rw-p 00007000 08:06 1316802    /lib/i386-linux-gnu/libnss_compat-2.17.so
b771d000-b771e000 rw-p 00000000 00:00 0 
b771e000-b771f000 r--p 00000000 00:00 0 
b771f000-b772c000 r-xp 00000000 08:06 408817     /usr/lib/jvm/java-7-openjdk-i386/jre/lib/i386/libverify.so
b772c000-b772d000 r--p 0000d000 08:06 408817     /usr/lib/jvm/java-7-openjdk-i386/jre/lib/i386/libverify.so
b772d000-b772e000 rw-p 0000e000 08:06 408817     /usr/lib/jvm/java-7-openjdk-i386/jre/lib/i386/libverify.so
b772e000-b773b000 r-xp 00000000 08:06 408827     /usr/lib/jvm/java-7-openjdk-i386/jre/lib/i386/jli/libjli.so
b773b000-b773c000 r--p 0000c000 08:06 408827     /usr/lib/jvm/java-7-openjdk-i386/jre/lib/i386/jli/libjli.so
b773c000-b773d000 rw-p 0000d000 08:06 408827     /usr/lib/jvm/java-7-openjdk-i386/jre/lib/i386/jli/libjli.so
b773d000-b7740000 rw-p 00000000 00:00 0 
b7740000-b7741000 r-xp 00000000 00:00 0          [vdso]
b7741000-b7761000 r-xp 00000000 08:06 1317649    /lib/i386-linux-gnu/ld-2.17.so
b7761000-b7762000 r--p 0001f000 08:06 1317649    /lib/i386-linux-gnu/ld-2.17.so
b7762000-b7763000 rw-p 00020000 08:06 1317649    /lib/i386-linux-gnu/ld-2.17.so
bfc1e000-bfc3f000 rw-p 00000000 00:00 0          [stack]

VM Arguments:
jvm_args: -Dfile.encoding=UTF-8 -Xbootclasspath:/home/santosh/android-sdks/platforms/android-15/android.jar 
java_command: com.example.barcodescanningapp.test
Launcher Type: SUN_STANDARD

Environment Variables:
PATH=/usr/lib/lightdm/lightdm:/usr/local/sbin:/usr/local/bin:/usr/sbin:/usr/bin:/sbin:/bin:/usr/games:/usr/local/games
LD_LIBRARY_PATH=/usr/lib/jvm/java-7-openjdk-i386/jre/lib/i386/server:/usr/lib/jvm/java-7-openjdk-i386/jre/lib/i386:/usr/lib/jvm/java-7-openjdk-i386/jre/../lib/i386:/usr/lib/jvm/java-7-openjdk-i386/jre/lib/i386/client:/usr/lib/jvm/java-7-openjdk-i386/jre/lib/i386:
SHELL=/bin/bash
DISPLAY=:0.0

Signal Handlers:
SIGSEGV: [libjvm.so+0x758d30], sa_mask[0]=0x7ffbfeff, sa_flags=0x10000004
SIGBUS: [libjvm.so+0x758d30], sa_mask[0]=0x7ffbfeff, sa_flags=0x10000004
SIGFPE: [libjvm.so+0x5f4230], sa_mask[0]=0x7ffbfeff, sa_flags=0x10000004
SIGPIPE: [libjvm.so+0x5f4230], sa_mask[0]=0x7ffbfeff, sa_flags=0x10000004
SIGXFSZ: [libjvm.so+0x5f4230], sa_mask[0]=0x7ffbfeff, sa_flags=0x10000004
SIGILL: [libjvm.so+0x5f4230], sa_mask[0]=0x7ffbfeff, sa_flags=0x10000004
SIGUSR1: SIG_DFL, sa_mask[0]=0x00000000, sa_flags=0x00000000
SIGUSR2: [libjvm.so+0x5f40e0], sa_mask[0]=0x00000004, sa_flags=0x10000004
SIGHUP: SIG_DFL, sa_mask[0]=0x00000000, sa_flags=0x00000000
SIGINT: SIG_DFL, sa_mask[0]=0x00000000, sa_flags=0x00000000
SIGTERM: SIG_DFL, sa_mask[0]=0x00000000, sa_flags=0x00000000
SIGQUIT: SIG_DFL, sa_mask[0]=0x00000000, sa_flags=0x00000000


---------------  S Y S T E M  ---------------

OS:Ubuntu 13.04 (raring)
uname:Linux 3.8.0-33-generic #48-Ubuntu SMP Wed Oct 23 17:26:34 UTC 2013 i686
libc:glibc 2.17 NPTL 2.17 
rlimit: STACK 8192k, CORE 0k, NPROC 31031, NOFILE 4096, AS infinity
load average:0.25 0.42 0.47

/proc/meminfo:
MemTotal:        3988520 kB
MemFree:         1262068 kB
Buffers:          266728 kB
Cached:           898368 kB
SwapCached:            0 kB
Active:          1522084 kB
Inactive:         820636 kB
Active(anon):    1179808 kB
Inactive(anon):    23804 kB
Active(file):     342276 kB
Inactive(file):   796832 kB
Unevictable:         100 kB
Mlocked:             100 kB
HighTotal:       3131896 kB
HighFree:         825248 kB
LowTotal:         856624 kB
LowFree:          436820 kB
SwapTotal:             0 kB
SwapFree:              0 kB
Dirty:                72 kB
Writeback:             0 kB
AnonPages:       1177876 kB
Mapped:           348952 kB
Shmem:             25992 kB
Slab:             132568 kB
SReclaimable:     111132 kB
SUnreclaim:        21436 kB
KernelStack:        4256 kB
PageTables:        16448 kB
NFS_Unstable:          0 kB
Bounce:                0 kB
WritebackTmp:          0 kB
CommitLimit:     1994260 kB
Committed_AS:    4745252 kB
VmallocTotal:     122880 kB
VmallocUsed:       35060 kB
VmallocChunk:      86388 kB
HardwareCorrupted:     0 kB
AnonHugePages:         0 kB
HugePages_Total:       0
HugePages_Free:        0
HugePages_Rsvd:        0
HugePages_Surp:        0
Hugepagesize:       2048 kB
DirectMap4k:        8184 kB
DirectMap2M:      905216 kB


CPU:total 4 (2 cores per cpu, 2 threads per core) family 6 model 37 stepping 5, cmov, cx8, fxsr, mmx, sse, sse2, sse3, ssse3, sse4.1, sse4.2, popcnt, ht, tsc, tscinvbit

/proc/cpuinfo:
processor	: 0
vendor_id	: GenuineIntel
cpu family	: 6
model		: 37
model name	: Intel(R) Core(TM) i3 CPU       M 370  @ 2.40GHz
stepping	: 5
microcode	: 0x2
cpu MHz		: 2399.000
cache size	: 3072 KB
physical id	: 0
siblings	: 4
core id		: 0
cpu cores	: 2
apicid		: 0
initial apicid	: 0
fdiv_bug	: no
hlt_bug		: no
f00f_bug	: no
coma_bug	: no
fpu		: yes
fpu_exception	: yes
cpuid level	: 11
wp		: yes
flags		: fpu vme de pse tsc msr pae mce cx8 apic sep mtrr pge mca cmov pat pse36 clflush dts acpi mmx fxsr sse sse2 ss ht tm pbe nx rdtscp lm constant_tsc arch_perfmon pebs bts xtopology nonstop_tsc aperfmperf pni dtes64 monitor ds_cpl vmx est tm2 ssse3 cx16 xtpr pdcm pcid sse4_1 sse4_2 popcnt lahf_lm arat dtherm tpr_shadow vnmi flexpriority ept vpid
bogomips	: 4788.11
clflush size	: 64
cache_alignment	: 64
address sizes	: 36 bits physical, 48 bits virtual
power management:

processor	: 1
vendor_id	: GenuineIntel
cpu family	: 6
model		: 37
model name	: Intel(R) Core(TM) i3 CPU       M 370  @ 2.40GHz
stepping	: 5
microcode	: 0x2
cpu MHz		: 1999.000
cache size	: 3072 KB
physical id	: 0
siblings	: 4
core id		: 2
cpu cores	: 2
apicid		: 4
initial apicid	: 4
fdiv_bug	: no
hlt_bug		: no
f00f_bug	: no
coma_bug	: no
fpu		: yes
fpu_exception	: yes
cpuid level	: 11
wp		: yes
flags		: fpu vme de pse tsc msr pae mce cx8 apic sep mtrr pge mca cmov pat pse36 clflush dts acpi mmx fxsr sse sse2 ss ht tm pbe nx rdtscp lm constant_tsc arch_perfmon pebs bts xtopology nonstop_tsc aperfmperf pni dtes64 monitor ds_cpl vmx est tm2 ssse3 cx16 xtpr pdcm pcid sse4_1 sse4_2 popcnt lahf_lm arat dtherm tpr_shadow vnmi flexpriority ept vpid
bogomips	: 4788.11
clflush size	: 64
cache_alignment	: 64
address sizes	: 36 bits physical, 48 bits virtual
power management:

processor	: 2
vendor_id	: GenuineIntel
cpu family	: 6
model		: 37
model name	: Intel(R) Core(TM) i3 CPU       M 370  @ 2.40GHz
stepping	: 5
microcode	: 0x2
cpu MHz		: 2399.000
cache size	: 3072 KB
physical id	: 0
siblings	: 4
core id		: 0
cpu cores	: 2
apicid		: 1
initial apicid	: 1
fdiv_bug	: no
hlt_bug		: no
f00f_bug	: no
coma_bug	: no
fpu		: yes
fpu_exception	: yes
cpuid level	: 11
wp		: yes
flags		: fpu vme de pse tsc msr pae mce cx8 apic sep mtrr pge mca cmov pat pse36 clflush dts acpi mmx fxsr sse sse2 ss ht tm pbe nx rdtscp lm constant_tsc arch_perfmon pebs bts xtopology nonstop_tsc aperfmperf pni dtes64 monitor ds_cpl vmx est tm2 ssse3 cx16 xtpr pdcm pcid sse4_1 sse4_2 popcnt lahf_lm arat dtherm tpr_shadow vnmi flexpriority ept vpid
bogomips	: 4788.11
clflush size	: 64
cache_alignment	: 64
address sizes	: 36 bits physical, 48 bits virtual
power management:

processor	: 3
vendor_id	: GenuineIntel
cpu family	: 6
model		: 37
model name	: Intel(R) Core(TM) i3 CPU       M 370  @ 2.40GHz
stepping	: 5
microcode	: 0x2
cpu MHz		: 1999.000
cache size	: 3072 KB
physical id	: 0
siblings	: 4
core id		: 2
cpu cores	: 2
apicid		: 5
initial apicid	: 5
fdiv_bug	: no
hlt_bug		: no
f00f_bug	: no
coma_bug	: no
fpu		: yes
fpu_exception	: yes
cpuid level	: 11
wp		: yes
flags		: fpu vme de pse tsc msr pae mce cx8 apic sep mtrr pge mca cmov pat pse36 clflush dts acpi mmx fxsr sse sse2 ss ht tm pbe nx rdtscp lm constant_tsc arch_perfmon pebs bts xtopology nonstop_tsc aperfmperf pni dtes64 monitor ds_cpl vmx est tm2 ssse3 cx16 xtpr pdcm pcid sse4_1 sse4_2 popcnt lahf_lm arat dtherm tpr_shadow vnmi flexpriority ept vpid
bogomips	: 4788.11
clflush size	: 64
cache_alignment	: 64
address sizes	: 36 bits physical, 48 bits virtual
power management:



Memory: 4k page, physical 3988520k(1262068k free), swap 0k(0k free)

vm_info: OpenJDK Server VM (23.7-b01) for linux-x86 JRE (1.7.0_25-b30), built on Jul  3 2013 13:58:32 by "buildd" with gcc 4.7.3

time: Wed Nov  6 01:24:31 2013
elapsed time: 0 seconds

