#
# A fatal error has been detected by the Java Runtime Environment:
#
#  Internal Error (javaClasses.cpp:129), pid=2673, tid=3060489024
#  fatal error: Invalid layout of preloaded class
#
# JRE version: 7.0_25-b30
# Java VM: OpenJDK Server VM (23.7-b01 mixed mode linux-x86 )
# Failed to write core dump. Core dumps have been disabled. To enable core dumping, try "ulimit -c unlimited" before starting Java again
#
# If you would like to submit a bug report, please include
# instructions on how to reproduce the bug and visit:
#   https://bugs.launchpad.net/ubuntu/+source/openjdk-7/
#

---------------  T H R E A D  ---------------

Current thread (0xb6506c00):  JavaThread "Unknown thread" [_thread_in_vm, id=2680, stack(0xb6665000,0xb66b6000)]

Stack: [0xb6665000,0xb66b6000]
[error occurred during error reporting (printing stack bounds), id 0xb]


[error occurred during error reporting (printing native stack), id 0xb]


---------------  P R O C E S S  ---------------

Java Threads: ( => current thread )

Other Threads:

=>0xb6506c00 (exited) JavaThread "Unknown thread" [_thread_in_vm, id=2680, stack(0xb6665000,0xb66b6000)]

VM state:not at safepoint (not fully initialized)

VM Mutex/Monitor currently owned by a thread: None

GC Heap History (0 events):
No events

Deoptimization events (0 events):
No events

Internal exceptions (0 events):
No events

Events (10 events):
Event: 0.331 loading class 0xb65348d0 done
Event: 0.331 loading class 0xb6534210 done
Event: 0.331 loading class 0xb65341e8
Event: 0.332 loading class 0xb6553e00
Event: 0.332 loading class 0xb6553e00 done
Event: 0.332 loading class 0xb6553e38
Event: 0.332 loading class 0xb6553e38 done
Event: 0.332 loading class 0xb6553e70
Event: 0.332 loading class 0xb6553e70 done
Event: 0.332 loading class 0xb65341e8 done


Dynamic libraries:
08048000-08049000 r-xp 00000000 08:06 408765     /usr/lib/jvm/java-7-openjdk-i386/jre/bin/java
08049000-0804a000 r--p 00000000 08:06 408765     /usr/lib/jvm/java-7-openjdk-i386/jre/bin/java
0804a000-0804b000 rw-p 00001000 08:06 408765     /usr/lib/jvm/java-7-openjdk-i386/jre/bin/java
089f4000-08a15000 rw-p 00000000 00:00 0          [heap]
6ad0f000-6adcd000 r--s 00fac000 08:06 141494     /home/santosh/android-sdks/platforms/android-15/android.jar
6adcd000-6db00000 rw-p 00000000 00:00 0 
6db00000-6db21000 rw-p 00000000 00:00 0 
6db21000-6dc00000 ---p 00000000 00:00 0 
6dc7f000-6dc80000 ---p 00000000 00:00 0 
6dc80000-6dd00000 rw-p 00000000 00:00 0          [stack:2684]
6dd00000-6dd21000 rw-p 00000000 00:00 0 
6dd21000-6de00000 ---p 00000000 00:00 0 
6de00000-6de21000 rw-p 00000000 00:00 0 
6de21000-6df00000 ---p 00000000 00:00 0 
6df7f000-6df80000 ---p 00000000 00:00 0 
6df80000-6e000000 rw-p 00000000 00:00 0          [stack:2683]
6e000000-6e021000 rw-p 00000000 00:00 0 
6e021000-6e100000 ---p 00000000 00:00 0 
6e13f000-6e161000 rw-p 00000000 00:00 0 
6e161000-6e162000 ---p 00000000 00:00 0 
6e162000-6e1e2000 rw-p 00000000 00:00 0          [stack:2682]
6e1e2000-6e1e3000 ---p 00000000 00:00 0 
6e1e3000-6e26b000 rw-p 00000000 00:00 0          [stack:2681]
6e26b000-6e2a3000 rw-p 00000000 00:00 0 
6e2a3000-6e2b8000 rw-p 00000000 00:00 0 
6e2b8000-6e3e8000 rw-p 00000000 00:00 0 
6e3e8000-6e3f0000 rw-p 00000000 00:00 0 
6e3f0000-6e428000 rw-p 00000000 00:00 0 
6e428000-6e43d000 rw-p 00000000 00:00 0 
6e43d000-6e56c000 rw-p 00000000 00:00 0 
6e56c000-6e577000 rw-p 00000000 00:00 0 
6e577000-6e60f000 rw-p 00000000 00:00 0 
6e60f000-6f610000 rw-p 00000000 00:00 0 
6f610000-76610000 rw-p 00000000 00:00 0 
76610000-78eb0000 rw-p 00000000 00:00 0 
78eb0000-9ef70000 rw-p 00000000 00:00 0 
9ef70000-a03b0000 rw-p 00000000 00:00 0 
a03b0000-b3410000 rw-p 00000000 00:00 0 
b341a000-b3423000 rw-p 00000000 00:00 0 
b3423000-b34da000 rw-p 00000000 00:00 0 
b34da000-b371a000 rwxp 00000000 00:00 0 
b371a000-b64da000 rw-p 00000000 00:00 0 
b64da000-b64e5000 r-xp 00000000 08:06 1314485    /lib/i386-linux-gnu/libnss_files-2.17.so
b64e5000-b64e6000 r--p 0000a000 08:06 1314485    /lib/i386-linux-gnu/libnss_files-2.17.so
b64e6000-b64e7000 rw-p 0000b000 08:06 1314485    /lib/i386-linux-gnu/libnss_files-2.17.so
b64e7000-b64fc000 r-xp 00000000 08:06 1313772    /lib/i386-linux-gnu/libnsl-2.17.so
b64fc000-b64fd000 r--p 00014000 08:06 1313772    /lib/i386-linux-gnu/libnsl-2.17.so
b64fd000-b64fe000 rw-p 00015000 08:06 1313772    /lib/i386-linux-gnu/libnsl-2.17.so
b64fe000-b6500000 rw-p 00000000 00:00 0 
b6500000-b655e000 rw-p 00000000 00:00 0 
b655e000-b6600000 ---p 00000000 00:00 0 
b660c000-b6616000 r-xp 00000000 08:06 1317653    /lib/i386-linux-gnu/libnss_nis-2.17.so
b6616000-b6617000 r--p 00009000 08:06 1317653    /lib/i386-linux-gnu/libnss_nis-2.17.so
b6617000-b6618000 rw-p 0000a000 08:06 1317653    /lib/i386-linux-gnu/libnss_nis-2.17.so
b6621000-b6629000 r-xp 00000000 08:06 408807     /usr/lib/jvm/java-7-openjdk-i386/jre/lib/i386/libzip.so
b6629000-b662a000 r--p 00007000 08:06 408807     /usr/lib/jvm/java-7-openjdk-i386/jre/lib/i386/libzip.so
b662a000-b662b000 rw-p 00008000 08:06 408807     /usr/lib/jvm/java-7-openjdk-i386/jre/lib/i386/libzip.so
b662b000-b6633000 rw-s 00000000 08:06 786548     /tmp/hsperfdata_santosh/2673
b6633000-b665a000 r-xp 00000000 08:06 408833     /usr/lib/jvm/java-7-openjdk-i386/jre/lib/i386/libjava.so
b665a000-b665b000 r--p 00026000 08:06 408833     /usr/lib/jvm/java-7-openjdk-i386/jre/lib/i386/libjava.so
b665b000-b665c000 rw-p 00027000 08:06 408833     /usr/lib/jvm/java-7-openjdk-i386/jre/lib/i386/libjava.so
b665c000-b6663000 r-xp 00000000 08:06 1317652    /lib/i386-linux-gnu/librt-2.17.so
b6663000-b6664000 r--p 00006000 08:06 1317652    /lib/i386-linux-gnu/librt-2.17.so
b6664000-b6665000 rw-p 00007000 08:06 1317652    /lib/i386-linux-gnu/librt-2.17.so
b6665000-b6668000 ---p 00000000 00:00 0 
b6668000-b66b6000 rw-p 00000000 00:00 0          [stack:2680]
b66b6000-b66d1000 r-xp 00000000 08:06 1309022    /lib/i386-linux-gnu/libgcc_s.so.1
b66d1000-b66d2000 r--p 0001a000 08:06 1309022    /lib/i386-linux-gnu/libgcc_s.so.1
b66d2000-b66d3000 rw-p 0001b000 08:06 1309022    /lib/i386-linux-gnu/libgcc_s.so.1
b66d3000-b6714000 r-xp 00000000 08:06 1317645    /lib/i386-linux-gnu/libm-2.17.so
b6714000-b6715000 r--p 00040000 08:06 1317645    /lib/i386-linux-gnu/libm-2.17.so
b6715000-b6716000 rw-p 00041000 08:06 1317645    /lib/i386-linux-gnu/libm-2.17.so
b6716000-b67f2000 r-xp 00000000 08:06 269892     /usr/lib/i386-linux-gnu/libstdc++.so.6.0.17
b67f2000-b67f3000 ---p 000dc000 08:06 269892     /usr/lib/i386-linux-gnu/libstdc++.so.6.0.17
b67f3000-b67f7000 r--p 000dc000 08:06 269892     /usr/lib/i386-linux-gnu/libstdc++.so.6.0.17
b67f7000-b67f8000 rw-p 000e0000 08:06 269892     /usr/lib/i386-linux-gnu/libstdc++.so.6.0.17
b67f8000-b67ff000 rw-p 00000000 00:00 0 
b67ff000-b70f0000 r-xp 00000000 08:06 408810     /usr/lib/jvm/java-7-openjdk-i386/jre/lib/i386/server/libjvm.so
b70f0000-b7137000 r--p 008f1000 08:06 408810     /usr/lib/jvm/java-7-openjdk-i386/jre/lib/i386/server/libjvm.so
b7137000-b714b000 rw-p 00938000 08:06 408810     /usr/lib/jvm/java-7-openjdk-i386/jre/lib/i386/server/libjvm.so
b714b000-b7569000 rw-p 00000000 00:00 0 
b7569000-b7580000 r-xp 00000000 08:06 1309150    /lib/i386-linux-gnu/libz.so.1.2.7
b7580000-b7581000 r--p 00016000 08:06 1309150    /lib/i386-linux-gnu/libz.so.1.2.7
b7581000-b7582000 rw-p 00017000 08:06 1309150    /lib/i386-linux-gnu/libz.so.1.2.7
b7582000-b7599000 r-xp 00000000 08:06 1317508    /lib/i386-linux-gnu/libpthread-2.17.so
b7599000-b759a000 r--p 00016000 08:06 1317508    /lib/i386-linux-gnu/libpthread-2.17.so
b759a000-b759b000 rw-p 00017000 08:06 1317508    /lib/i386-linux-gnu/libpthread-2.17.so
b759b000-b759d000 rw-p 00000000 00:00 0 
b759d000-b75a0000 r-xp 00000000 08:06 1317708    /lib/i386-linux-gnu/libdl-2.17.so
b75a0000-b75a1000 r--p 00002000 08:06 1317708    /lib/i386-linux-gnu/libdl-2.17.so
b75a1000-b75a2000 rw-p 00003000 08:06 1317708    /lib/i386-linux-gnu/libdl-2.17.so
b75a2000-b7750000 r-xp 00000000 08:06 1317646    /lib/i386-linux-gnu/libc-2.17.so
b7750000-b7752000 r--p 001ae000 08:06 1317646    /lib/i386-linux-gnu/libc-2.17.so
b7752000-b7753000 rw-p 001b0000 08:06 1317646    /lib/i386-linux-gnu/libc-2.17.so
b7753000-b7756000 rw-p 00000000 00:00 0 
b7757000-b775e000 r-xp 00000000 08:06 1316802    /lib/i386-linux-gnu/libnss_compat-2.17.so
b775e000-b775f000 r--p 00006000 08:06 1316802    /lib/i386-linux-gnu/libnss_compat-2.17.so
b775f000-b7760000 rw-p 00007000 08:06 1316802    /lib/i386-linux-gnu/libnss_compat-2.17.so
b7760000-b7761000 rw-p 00000000 00:00 0 
b7761000-b7762000 r--p 00000000 00:00 0 
b7762000-b776f000 r-xp 00000000 08:06 408817     /usr/lib/jvm/java-7-openjdk-i386/jre/lib/i386/libverify.so
b776f000-b7770000 r--p 0000d000 08:06 408817     /usr/lib/jvm/java-7-openjdk-i386/jre/lib/i386/libverify.so
b7770000-b7771000 rw-p 0000e000 08:06 408817     /usr/lib/jvm/java-7-openjdk-i386/jre/lib/i386/libverify.so
b7771000-b777e000 r-xp 00000000 08:06 408827     /usr/lib/jvm/java-7-openjdk-i386/jre/lib/i386/jli/libjli.so
b777e000-b777f000 r--p 0000c000 08:06 408827     /usr/lib/jvm/java-7-openjdk-i386/jre/lib/i386/jli/libjli.so
b777f000-b7780000 rw-p 0000d000 08:06 408827     /usr/lib/jvm/java-7-openjdk-i386/jre/lib/i386/jli/libjli.so
b7780000-b7783000 rw-p 00000000 00:00 0 
b7783000-b7784000 r-xp 00000000 00:00 0          [vdso]
b7784000-b77a4000 r-xp 00000000 08:06 1317649    /lib/i386-linux-gnu/ld-2.17.so
b77a4000-b77a5000 r--p 0001f000 08:06 1317649    /lib/i386-linux-gnu/ld-2.17.so
b77a5000-b77a6000 rw-p 00020000 08:06 1317649    /lib/i386-linux-gnu/ld-2.17.so
bfcdf000-bfd00000 rw-p 00000000 00:00 0          [stack]

VM Arguments:
jvm_args: -Dfile.encoding=UTF-8 -Xbootclasspath:/home/santosh/android-sdks/platforms/android-15/android.jar 
java_command: com.example.barcodescanningapp.test
Launcher Type: SUN_STANDARD

Environment Variables:
PATH=/usr/lib/lightdm/lightdm:/usr/local/sbin:/usr/local/bin:/usr/sbin:/usr/bin:/sbin:/bin:/usr/games:/usr/local/games
LD_LIBRARY_PATH=/usr/lib/jvm/java-7-openjdk-i386/jre/lib/i386/server:/usr/lib/jvm/java-7-openjdk-i386/jre/lib/i386:/usr/lib/jvm/java-7-openjdk-i386/jre/../lib/i386:/usr/lib/jvm/java-7-openjdk-i386/jre/lib/i386/client:/usr/lib/jvm/java-7-openjdk-i386/jre/lib/i386:
SHELL=/bin/bash
DISPLAY=:0.0

Signal Handlers:
SIGSEGV: [libjvm.so+0x758d30], sa_mask[0]=0x7ffbfeff, sa_flags=0x10000004
SIGBUS: [libjvm.so+0x758d30], sa_mask[0]=0x7ffbfeff, sa_flags=0x10000004
SIGFPE: [libjvm.so+0x5f4230], sa_mask[0]=0x7ffbfeff, sa_flags=0x10000004
SIGPIPE: [libjvm.so+0x5f4230], sa_mask[0]=0x7ffbfeff, sa_flags=0x10000004
SIGXFSZ: [libjvm.so+0x5f4230], sa_mask[0]=0x7ffbfeff, sa_flags=0x10000004
SIGILL: [libjvm.so+0x5f4230], sa_mask[0]=0x7ffbfeff, sa_flags=0x10000004
SIGUSR1: SIG_DFL, sa_mask[0]=0x00000000, sa_flags=0x00000000
SIGUSR2: [libjvm.so+0x5f40e0], sa_mask[0]=0x00000004, sa_flags=0x10000004
SIGHUP: SIG_DFL, sa_mask[0]=0x00000000, sa_flags=0x00000000
SIGINT: SIG_DFL, sa_mask[0]=0x00000000, sa_flags=0x00000000
SIGTERM: SIG_DFL, sa_mask[0]=0x00000000, sa_flags=0x00000000
SIGQUIT: SIG_DFL, sa_mask[0]=0x00000000, sa_flags=0x00000000


---------------  S Y S T E M  ---------------

OS:Ubuntu 13.04 (raring)
uname:Linux 3.8.0-33-generic #48-Ubuntu SMP Wed Oct 23 17:26:34 UTC 2013 i686
libc:glibc 2.17 NPTL 2.17 
rlimit: STACK 8192k, CORE 0k, NPROC 31031, NOFILE 4096, AS infinity
load average:0.02 0.39 0.34

/proc/meminfo:
MemTotal:        3988520 kB
MemFree:         2103536 kB
Buffers:          110280 kB
Cached:           699792 kB
SwapCached:            0 kB
Active:          1045260 kB
Inactive:         583824 kB
Active(anon):     820740 kB
Inactive(anon):    21460 kB
Active(file):     224520 kB
Inactive(file):   562364 kB
Unevictable:          84 kB
Mlocked:              84 kB
HighTotal:       3131896 kB
HighFree:        1440784 kB
LowTotal:         856624 kB
LowFree:          662752 kB
SwapTotal:             0 kB
SwapFree:              0 kB
Dirty:               168 kB
Writeback:             0 kB
AnonPages:        819484 kB
Mapped:           244720 kB
Shmem:             22908 kB
Slab:              65756 kB
SReclaimable:      46448 kB
SUnreclaim:        19308 kB
KernelStack:        3520 kB
PageTables:         9060 kB
NFS_Unstable:          0 kB
Bounce:                0 kB
WritebackTmp:          0 kB
CommitLimit:     1994260 kB
Committed_AS:    3376220 kB
VmallocTotal:     122880 kB
VmallocUsed:       35060 kB
VmallocChunk:      86388 kB
HardwareCorrupted:     0 kB
AnonHugePages:         0 kB
HugePages_Total:       0
HugePages_Free:        0
HugePages_Rsvd:        0
HugePages_Surp:        0
Hugepagesize:       2048 kB
DirectMap4k:        8184 kB
DirectMap2M:      905216 kB


CPU:total 4 (2 cores per cpu, 2 threads per core) family 6 model 37 stepping 5, cmov, cx8, fxsr, mmx, sse, sse2, sse3, ssse3, sse4.1, sse4.2, popcnt, ht, tsc, tscinvbit

/proc/cpuinfo:
processor	: 0
vendor_id	: GenuineIntel
cpu family	: 6
model		: 37
model name	: Intel(R) Core(TM) i3 CPU       M 370  @ 2.40GHz
stepping	: 5
microcode	: 0x2
cpu MHz		: 933.000
cache size	: 3072 KB
physical id	: 0
siblings	: 4
core id		: 0
cpu cores	: 2
apicid		: 0
initial apicid	: 0
fdiv_bug	: no
hlt_bug		: no
f00f_bug	: no
coma_bug	: no
fpu		: yes
fpu_exception	: yes
cpuid level	: 11
wp		: yes
flags		: fpu vme de pse tsc msr pae mce cx8 apic sep mtrr pge mca cmov pat pse36 clflush dts acpi mmx fxsr sse sse2 ss ht tm pbe nx rdtscp lm constant_tsc arch_perfmon pebs bts xtopology nonstop_tsc aperfmperf pni dtes64 monitor ds_cpl vmx est tm2 ssse3 cx16 xtpr pdcm pcid sse4_1 sse4_2 popcnt lahf_lm arat dtherm tpr_shadow vnmi flexpriority ept vpid
bogomips	: 4788.11
clflush size	: 64
cache_alignment	: 64
address sizes	: 36 bits physical, 48 bits virtual
power management:

processor	: 1
vendor_id	: GenuineIntel
cpu family	: 6
model		: 37
model name	: Intel(R) Core(TM) i3 CPU       M 370  @ 2.40GHz
stepping	: 5
microcode	: 0x2
cpu MHz		: 933.000
cache size	: 3072 KB
physical id	: 0
siblings	: 4
core id		: 2
cpu cores	: 2
apicid		: 4
initial apicid	: 4
fdiv_bug	: no
hlt_bug		: no
f00f_bug	: no
coma_bug	: no
fpu		: yes
fpu_exception	: yes
cpuid level	: 11
wp		: yes
flags		: fpu vme de pse tsc msr pae mce cx8 apic sep mtrr pge mca cmov pat pse36 clflush dts acpi mmx fxsr sse sse2 ss ht tm pbe nx rdtscp lm constant_tsc arch_perfmon pebs bts xtopology nonstop_tsc aperfmperf pni dtes64 monitor ds_cpl vmx est tm2 ssse3 cx16 xtpr pdcm pcid sse4_1 sse4_2 popcnt lahf_lm arat dtherm tpr_shadow vnmi flexpriority ept vpid
bogomips	: 4788.11
clflush size	: 64
cache_alignment	: 64
address sizes	: 36 bits physical, 48 bits virtual
power management:

processor	: 2
vendor_id	: GenuineIntel
cpu family	: 6
model		: 37
model name	: Intel(R) Core(TM) i3 CPU       M 370  @ 2.40GHz
stepping	: 5
microcode	: 0x2
cpu MHz		: 2399.000
cache size	: 3072 KB
physical id	: 0
siblings	: 4
core id		: 0
cpu cores	: 2
apicid		: 1
initial apicid	: 1
fdiv_bug	: no
hlt_bug		: no
f00f_bug	: no
coma_bug	: no
fpu		: yes
fpu_exception	: yes
cpuid level	: 11
wp		: yes
flags		: fpu vme de pse tsc msr pae mce cx8 apic sep mtrr pge mca cmov pat pse36 clflush dts acpi mmx fxsr sse sse2 ss ht tm pbe nx rdtscp lm constant_tsc arch_perfmon pebs bts xtopology nonstop_tsc aperfmperf pni dtes64 monitor ds_cpl vmx est tm2 ssse3 cx16 xtpr pdcm pcid sse4_1 sse4_2 popcnt lahf_lm arat dtherm tpr_shadow vnmi flexpriority ept vpid
bogomips	: 4788.11
clflush size	: 64
cache_alignment	: 64
address sizes	: 36 bits physical, 48 bits virtual
power management:

processor	: 3
vendor_id	: GenuineIntel
cpu family	: 6
model		: 37
model name	: Intel(R) Core(TM) i3 CPU       M 370  @ 2.40GHz
stepping	: 5
microcode	: 0x2
cpu MHz		: 1599.000
cache size	: 3072 KB
physical id	: 0
siblings	: 4
core id		: 2
cpu cores	: 2
apicid		: 5
initial apicid	: 5
fdiv_bug	: no
hlt_bug		: no
f00f_bug	: no
coma_bug	: no
fpu		: yes
fpu_exception	: yes
cpuid level	: 11
wp		: yes
flags		: fpu vme de pse tsc msr pae mce cx8 apic sep mtrr pge mca cmov pat pse36 clflush dts acpi mmx fxsr sse sse2 ss ht tm pbe nx rdtscp lm constant_tsc arch_perfmon pebs bts xtopology nonstop_tsc aperfmperf pni dtes64 monitor ds_cpl vmx est tm2 ssse3 cx16 xtpr pdcm pcid sse4_1 sse4_2 popcnt lahf_lm arat dtherm tpr_shadow vnmi flexpriority ept vpid
bogomips	: 4788.11
clflush size	: 64
cache_alignment	: 64
address sizes	: 36 bits physical, 48 bits virtual
power management:



Memory: 4k page, physical 3988520k(2103536k free), swap 0k(0k free)

vm_info: OpenJDK Server VM (23.7-b01) for linux-x86 JRE (1.7.0_25-b30), built on Jul  3 2013 13:58:32 by "buildd" with gcc 4.7.3

time: Wed Nov  6 01:14:04 2013
elapsed time: 0 seconds

